[INFO] Initializing module 0...
[INFO] Initializing module 1...
[INFO] Initializing module 2...
[INFO] Initializing module 3...
[INFO] Initializing module 4...
[INFO] Initializing module 5...
[INFO] Initializing module 6...
[INFO] Initializing module 7...
[INFO] Initializing module 8...
[INFO] Initializing module 9...
[INFO] Initializing module 10...
[INFO] Initializing module 11...
[INFO] Initializing module 12...
[INFO] Initializing module 13...
[INFO] Initializing module 14...
[INFO] Initializing module 15...
[INFO] Initializing module 16...
[INFO] Initializing module 17...
[INFO] Initializing module 18...
[INFO] Initializing module 19...
[INFO] Initializing module 20...
[INFO] Initializing module 21...
[INFO] Initializing module 22...
[INFO] Initializing module 23...
[INFO] Initializing module 24...
[INFO] Initializing module 25...
[INFO] Initializing module 26...
[INFO] Initializing module 27...
[INFO] Initializing module 28...
[INFO] Initializing module 29...
[INFO] Initializing module 30...
[INFO] Initializing module 31...
[INFO] Initializing module 32...
[INFO] Initializing module 33...
[INFO] Initializing module 34...
[INFO] Initializing module 35...
[INFO] Initializing module 36...
[INFO] Initializing module 37...
[INFO] Initializing module 38...
[INFO] Initializing module 39...
[INFO] Initializing module 40...
[INFO] Initializing module 41...
[INFO] Initializing module 42...
[INFO] Initializing module 43...
[INFO] Initializing module 44...
[INFO] Initializing module 45...
[INFO] Initializing module 46...
[INFO] Initializing module 47...
[INFO] Initializing module 48...
[INFO] Initializing module 49...
[INFO] Initializing module 50...
[INFO] Initializing module 51...
[INFO] Initializing module 52...
[INFO] Initializing module 53...
[INFO] Initializing module 54...
[INFO] Initializing module 55...
[INFO] Initializing module 56...
[INFO] Initializing module 57...
[INFO] Initializing module 58...
[INFO] Initializing module 59...
[INFO] Initializing module 60...
[INFO] Initializing module 61...
[INFO] Initializing module 62...
[INFO] Initializing module 63...
[INFO] Initializing module 64...
[INFO] Initializing module 65...
[INFO] Initializing module 66...
[INFO] Initializing module 67...
[INFO] Initializing module 68...
[INFO] Initializing module 69...
[INFO] Initializing module 70...
[INFO] Initializing module 71...
[INFO] Initializing module 72...
[INFO] Initializing module 73...
[INFO] Initializing module 74...
[INFO] Initializing module 75...
[INFO] Initializing module 76...
[INFO] Initializing module 77...
[INFO] Initializing module 78...
[INFO] Initializing module 79...
[INFO] Initializing module 80...
[INFO] Initializing module 81...
[INFO] Initializing module 82...
[INFO] Initializing module 83...
[INFO] Initializing module 84...
[INFO] Initializing module 85...
[INFO] Initializing module 86...
[INFO] Initializing module 87...
[INFO] Initializing module 88...
[INFO] Initializing module 89...
[INFO] Initializing module 90...
[INFO] Initializing module 91...
[INFO] Initializing module 92...
[INFO] Initializing module 93...
[INFO] Initializing module 94...
[INFO] Initializing module 95...
[INFO] Initializing module 96...
[INFO] Initializing module 97...
[INFO] Initializing module 98...
[INFO] Initializing module 99...
[INFO] Initializing module 100...
[INFO] Initializing module 101...
[INFO] Initializing module 102...
[INFO] Initializing module 103...
[INFO] Initializing module 104...
[INFO] Initializing module 105...
[INFO] Initializing module 106...
[INFO] Initializing module 107...
[INFO] Initializing module 108...
[INFO] Initializing module 109...
[INFO] Initializing module 110...
[INFO] Initializing module 111...
[INFO] Initializing module 112...
[INFO] Initializing module 113...
[INFO] Initializing module 114...
[INFO] Initializing module 115...
[INFO] Initializing module 116...
[INFO] Initializing module 117...
[INFO] Initializing module 118...
[INFO] Initializing module 119...
[INFO] Initializing module 120...
[INFO] Initializing module 121...
[INFO] Initializing module 122...
[INFO] Initializing module 123...
[INFO] Initializing module 124...
[INFO] Initializing module 125...
[INFO] Initializing module 126...
[INFO] Initializing module 127...
[INFO] Initializing module 128...
[INFO] Initializing module 129...
[INFO] Initializing module 130...
[INFO] Initializing module 131...
[INFO] Initializing module 132...
[INFO] Initializing module 133...
[INFO] Initializing module 134...
[INFO] Initializing module 135...
[INFO] Initializing module 136...
[INFO] Initializing module 137...
[INFO] Initializing module 138...
[INFO] Initializing module 139...
[INFO] Initializing module 140...
[INFO] Initializing module 141...
[INFO] Initializing module 142...
[INFO] Initializing module 143...
[INFO] Initializing module 144...
[INFO] Initializing module 145...
[INFO] Initializing module 146...
[INFO] Initializing module 147...
[INFO] Initializing module 148...
[INFO] Initializing module 149...
[INFO] Initializing module 150...
[INFO] Initializing module 151...
[INFO] Initializing module 152...
[INFO] Initializing module 153...
[INFO] Initializing module 154...
[INFO] Initializing module 155...
[INFO] Initializing module 156...
[INFO] Initializing module 157...
[INFO] Initializing module 158...
[INFO] Initializing module 159...
[INFO] Initializing module 160...
[INFO] Initializing module 161...
[INFO] Initializing module 162...
[INFO] Initializing module 163...
[INFO] Initializing module 164...
[INFO] Initializing module 165...
[INFO] Initializing module 166...
[INFO] Initializing module 167...
[INFO] Initializing module 168...
[INFO] Initializing module 169...
[INFO] Initializing module 170...
[INFO] Initializing module 171...
[INFO] Initializing module 172...
[INFO] Initializing module 173...
[INFO] Initializing module 174...
[INFO] Initializing module 175...
[INFO] Initializing module 176...
[INFO] Initializing module 177...
[INFO] Initializing module 178...
[INFO] Initializing module 179...
[INFO] Initializing module 180...
[INFO] Initializing module 181...
[INFO] Initializing module 182...
[INFO] Initializing module 183...
[INFO] Initializing module 184...
[INFO] Initializing module 185...
[INFO] Initializing module 186...
[INFO] Initializing module 187...
[INFO] Initializing module 188...
[INFO] Initializing module 189...
[INFO] Initializing module 190...
[INFO] Initializing module 191...
[INFO] Initializing module 192...
[INFO] Initializing module 193...
[INFO] Initializing module 194...
[INFO] Initializing module 195...
[INFO] Initializing module 196...
[INFO] Initializing module 197...
[INFO] Initializing module 198...
[INFO] Initializing module 199...
[INFO] Initializing module 200...
[INFO] Initializing module 201...
[INFO] Initializing module 202...
[INFO] Initializing module 203...
[INFO] Initializing module 204...
[INFO] Initializing module 205...
[INFO] Initializing module 206...
[INFO] Initializing module 207...
[INFO] Initializing module 208...
[INFO] Initializing module 209...
[INFO] Initializing module 210...
[INFO] Initializing module 211...
[INFO] Initializing module 212...
[INFO] Initializing module 213...
[INFO] Initializing module 214...
[INFO] Initializing module 215...
[INFO] Initializing module 216...
[INFO] Initializing module 217...
[INFO] Initializing module 218...
[INFO] Initializing module 219...
[INFO] Initializing module 220...
[INFO] Initializing module 221...
[INFO] Initializing module 222...
[INFO] Initializing module 223...
[INFO] Initializing module 224...
[INFO] Initializing module 225...
[INFO] Initializing module 226...
[INFO] Initializing module 227...
[INFO] Initializing module 228...
[INFO] Initializing module 229...
[INFO] Initializing module 230...
[INFO] Initializing module 231...
[INFO] Initializing module 232...
[INFO] Initializing module 233...
[INFO] Initializing module 234...
[INFO] Initializing module 235...
[INFO] Initializing module 236...
[INFO] Initializing module 237...
[INFO] Initializing module 238...
[INFO] Initializing module 239...
[INFO] Initializing module 240...
[INFO] Initializing module 241...
[INFO] Initializing module 242...
[INFO] Initializing module 243...
[INFO] Initializing module 244...
[INFO] Initializing module 245...
[INFO] Initializing module 246...
[INFO] Initializing module 247...
[INFO] Initializing module 248...
[INFO] Initializing module 249...
[INFO] Initializing module 250...
[INFO] Initializing module 251...
[INFO] Initializing module 252...
[INFO] Initializing module 253...
[INFO] Initializing module 254...
[INFO] Initializing module 255...
[INFO] Initializing module 256...
[INFO] Initializing module 257...
[INFO] Initializing module 258...
[INFO] Initializing module 259...
[INFO] Initializing module 260...
[INFO] Initializing module 261...
[INFO] Initializing module 262...
[INFO] Initializing module 263...
[INFO] Initializing module 264...
[INFO] Initializing module 265...
[INFO] Initializing module 266...
[INFO] Initializing module 267...
[INFO] Initializing module 268...
[INFO] Initializing module 269...
[INFO] Initializing module 270...
[INFO] Initializing module 271...
[INFO] Initializing module 272...
[INFO] Initializing module 273...
[INFO] Initializing module 274...
[INFO] Initializing module 275...
[INFO] Initializing module 276...
[INFO] Initializing module 277...
[INFO] Initializing module 278...
[INFO] Initializing module 279...
[INFO] Initializing module 280...
[INFO] Initializing module 281...
[INFO] Initializing module 282...
[INFO] Initializing module 283...
[INFO] Initializing module 284...
[INFO] Initializing module 285...
[INFO] Initializing module 286...
[INFO] Initializing module 287...
[INFO] Initializing module 288...
[INFO] Initializing module 289...
[INFO] Initializing module 290...
[INFO] Initializing module 291...
[INFO] Initializing module 292...
[INFO] Initializing module 293...
[INFO] Initializing module 294...
[INFO] Initializing module 295...
[INFO] Initializing module 296...
[INFO] Initializing module 297...
[INFO] Initializing module 298...
[INFO] Initializing module 299...
[INFO] STDOUT_KEY: OUTPUT_CAPTURED_1234
[INFO] Processing batch 300...
[INFO] Processing batch 301...
[INFO] Processing batch 302...
[INFO] Processing batch 303...
[INFO] Processing batch 304...
[INFO] Processing batch 305...
[INFO] Processing batch 306...
[INFO] Processing batch 307...
[INFO] Processing batch 308...
[INFO] Processing batch 309...
[INFO] Processing batch 310...
[INFO] Processing batch 311...
[INFO] Processing batch 312...
[INFO] Processing batch 313...
[INFO] Processing batch 314...
[INFO] Processing batch 315...
[INFO] Processing batch 316...
[INFO] Processing batch 317...
[INFO] Processing batch 318...
[INFO] Processing batch 319...
[INFO] Processing batch 320...
[INFO] Processing batch 321...
[INFO] Processing batch 322...
[INFO] Processing batch 323...
[INFO] Processing batch 324...
[INFO] Processing batch 325...
[INFO] Processing batch 326...
[INFO] Processing batch 327...
[INFO] Processing batch 328...
[INFO] Processing batch 329...
[INFO] Processing batch 330...
[INFO] Processing batch 331...
[INFO] Processing batch 332...
[INFO] Processing batch 333...
[INFO] Processing batch 334...
[INFO] Processing batch 335...
[INFO] Processing batch 336...
[INFO] Processing batch 337...
[INFO] Processing batch 338...
[INFO] Processing batch 339...
[INFO] Processing batch 340...
[INFO] Processing batch 341...
[INFO] Processing batch 342...
[INFO] Processing batch 343...
[INFO] Processing batch 344...
[INFO] Processing batch 345...
[INFO] Processing batch 346...
[INFO] Processing batch 347...
[INFO] Processing batch 348...
[INFO] Processing batch 349...
[INFO] Processing batch 350...
[INFO] Processing batch 351...
[INFO] Processing batch 352...
[INFO] Processing batch 353...
[INFO] Processing batch 354...
[INFO] Processing batch 355...
[INFO] Processing batch 356...
[INFO] Processing batch 357...
[INFO] Processing batch 358...
[INFO] Processing batch 359...
[INFO] Processing batch 360...
[INFO] Processing batch 361...
[INFO] Processing batch 362...
[INFO] Processing batch 363...
[INFO] Processing batch 364...
[INFO] Processing batch 365...
[INFO] Processing batch 366...
[INFO] Processing batch 367...
[INFO] Processing batch 368...
[INFO] Processing batch 369...
[INFO] Processing batch 370...
[INFO] Processing batch 371...
[INFO] Processing batch 372...
[INFO] Processing batch 373...
[INFO] Processing batch 374...
[INFO] Processing batch 375...
[INFO] Processing batch 376...
[INFO] Processing batch 377...
[INFO] Processing batch 378...
[INFO] Processing batch 379...
[INFO] Processing batch 380...
[INFO] Processing batch 381...
[INFO] Processing batch 382...
[INFO] Processing batch 383...
[INFO] Processing batch 384...
[INFO] Processing batch 385...
[INFO] Processing batch 386...
[INFO] Processing batch 387...
[INFO] Processing batch 388...
[INFO] Processing batch 389...
[INFO] Processing batch 390...
[INFO] Processing batch 391...
[INFO] Processing batch 392...
[INFO] Processing batch 393...
[INFO] Processing batch 394...
[INFO] Processing batch 395...
[INFO] Processing batch 396...
[INFO] Processing batch 397...
[INFO] Processing batch 398...
[INFO] Processing batch 399...
[INFO] Processing batch 400...
[INFO] Processing batch 401...
[INFO] Processing batch 402...
[INFO] Processing batch 403...
[INFO] Processing batch 404...
[INFO] Processing batch 405...
[INFO] Processing batch 406...
[INFO] Processing batch 407...
[INFO] Processing batch 408...
[INFO] Processing batch 409...
[INFO] Processing batch 410...
[INFO] Processing batch 411...
[INFO] Processing batch 412...
[INFO] Processing batch 413...
[INFO] Processing batch 414...
[INFO] Processing batch 415...
[INFO] Processing batch 416...
[INFO] Processing batch 417...
[INFO] Processing batch 418...
[INFO] Processing batch 419...
[INFO] Processing batch 420...
[INFO] Processing batch 421...
[INFO] Processing batch 422...
[INFO] Processing batch 423...
[INFO] Processing batch 424...
[INFO] Processing batch 425...
[INFO] Processing batch 426...
[INFO] Processing batch 427...
[INFO] Processing batch 428...
[INFO] Processing batch 429...
[INFO] Processing batch 430...
[INFO] Processing batch 431...
[INFO] Processing batch 432...
[INFO] Processing batch 433...
[INFO] Processing batch 434...
[INFO] Processing batch 435...
[INFO] Processing batch 436...
[INFO] Processing batch 437...
[INFO] Processing batch 438...
[INFO] Processing batch 439...
[INFO] Processing batch 440...
[INFO] Processing batch 441...
[INFO] Processing batch 442...
[INFO] Processing batch 443...
[INFO] Processing batch 444...
[INFO] Processing batch 445...
[INFO] Processing batch 446...
[INFO] Processing batch 447...
[INFO] Processing batch 448...
[INFO] Processing batch 449...
[INFO] Processing batch 450...
[INFO] Processing batch 451...
[INFO] Processing batch 452...
[INFO] Processing batch 453...
[INFO] Processing batch 454...
[INFO] Processing batch 455...
[INFO] Processing batch 456...
[INFO] Processing batch 457...
[INFO] Processing batch 458...
[INFO] Processing batch 459...
[INFO] Processing batch 460...
[INFO] Processing batch 461...
[INFO] Processing batch 462...
[INFO] Processing batch 463...
[INFO] Processing batch 464...
[INFO] Processing batch 465...
[INFO] Processing batch 466...
[INFO] Processing batch 467...
[INFO] Processing batch 468...
[INFO] Processing batch 469...
[INFO] Processing batch 470...
[INFO] Processing batch 471...
[INFO] Processing batch 472...
[INFO] Processing batch 473...
[INFO] Processing batch 474...
[INFO] Processing batch 475...
[INFO] Processing batch 476...
[INFO] Processing batch 477...
[INFO] Processing batch 478...
[INFO] Processing batch 479...
[INFO] Processing batch 480...
[INFO] Processing batch 481...
[INFO] Processing batch 482...
[INFO] Processing batch 483...
[INFO] Processing batch 484...
[INFO] Processing batch 485...
[INFO] Processing batch 486...
[INFO] Processing batch 487...
[INFO] Processing batch 488...
[INFO] Processing batch 489...
[INFO] Processing batch 490...
[INFO] Processing batch 491...
[INFO] Processing batch 492...
[INFO] Processing batch 493...
[INFO] Processing batch 494...
[INFO] Processing batch 495...
[INFO] Processing batch 496...
[INFO] Processing batch 497...
[INFO] Processing batch 498...
[INFO] Processing batch 499...
[INFO] Processing batch 500...
[INFO] Processing batch 501...
[INFO] Processing batch 502...
[INFO] Processing batch 503...
[INFO] Processing batch 504...
[INFO] Processing batch 505...
[INFO] Processing batch 506...
[INFO] Processing batch 507...
[INFO] Processing batch 508...
[INFO] Processing batch 509...
[INFO] Processing batch 510...
[INFO] Processing batch 511...
[INFO] Processing batch 512...
[INFO] Processing batch 513...
[INFO] Processing batch 514...
[INFO] Processing batch 515...
[INFO] Processing batch 516...
[INFO] Processing batch 517...
[INFO] Processing batch 518...
[INFO] Processing batch 519...
[INFO] Processing batch 520...
[INFO] Processing batch 521...
[INFO] Processing batch 522...
[INFO] Processing batch 523...
[INFO] Processing batch 524...
[INFO] Processing batch 525...
[INFO] Processing batch 526...
[INFO] Processing batch 527...
[INFO] Processing batch 528...
[INFO] Processing batch 529...
[INFO] Processing batch 530...
[INFO] Processing batch 531...
[INFO] Processing batch 532...
[INFO] Processing batch 533...
[INFO] Processing batch 534...
[INFO] Processing batch 535...
[INFO] Processing batch 536...
[INFO] Processing batch 537...
[INFO] Processing batch 538...
[INFO] Processing batch 539...
[INFO] Processing batch 540...
[INFO] Processing batch 541...
[INFO] Processing batch 542...
[INFO] Processing batch 543...
[INFO] Processing batch 544...
[INFO] Processing batch 545...
[INFO] Processing batch 546...
[INFO] Processing batch 547...
[INFO] Processing batch 548...
[INFO] Processing batch 549...
[INFO] Processing batch 550...
[INFO] Processing batch 551...
[INFO] Processing batch 552...
[INFO] Processing batch 553...
[INFO] Processing batch 554...
[INFO] Processing batch 555...
[INFO] Processing batch 556...
[INFO] Processing batch 557...
[INFO] Processing batch 558...
[INFO] Processing batch 559...
[INFO] Processing batch 560...
[INFO] Processing batch 561...
[INFO] Processing batch 562...
[INFO] Processing batch 563...
[INFO] Processing batch 564...
[INFO] Processing batch 565...
[INFO] Processing batch 566...
[INFO] Processing batch 567...
[INFO] Processing batch 568...
[INFO] Processing batch 569...
[INFO] Processing batch 570...
[INFO] Processing batch 571...
[INFO] Processing batch 572...
[INFO] Processing batch 573...
[INFO] Processing batch 574...
[INFO] Processing batch 575...
[INFO] Processing batch 576...
[INFO] Processing batch 577...
[INFO] Processing batch 578...
[INFO] Processing batch 579...
[INFO] Processing batch 580...
[INFO] Processing batch 581...
[INFO] Processing batch 582...
[INFO] Processing batch 583...
[INFO] Processing batch 584...
[INFO] Processing batch 585...
[INFO] Processing batch 586...
[INFO] Processing batch 587...
[INFO] Processing batch 588...
[INFO] Processing batch 589...
[INFO] Processing batch 590...
[INFO] Processing batch 591...
[INFO] Processing batch 592...
[INFO] Processing batch 593...
[INFO] Processing batch 594...
[INFO] Processing batch 595...
[INFO] Processing batch 596...
[INFO] Processing batch 597...
[INFO] Processing batch 598...
[INFO] Processing batch 599...
[INFO] Finalizing segment 600...
[INFO] Finalizing segment 601...
[INFO] Finalizing segment 602...
[INFO] Finalizing segment 603...
[INFO] Finalizing segment 604...
[INFO] Finalizing segment 605...
[INFO] Finalizing segment 606...
[INFO] Finalizing segment 607...
[INFO] Finalizing segment 608...
[INFO] Finalizing segment 609...
[INFO] Finalizing segment 610...
[INFO] Finalizing segment 611...
[INFO] Finalizing segment 612...
[INFO] Finalizing segment 613...
[INFO] Finalizing segment 614...
[INFO] Finalizing segment 615...
[INFO] Finalizing segment 616...
[INFO] Finalizing segment 617...
[INFO] Finalizing segment 618...
[INFO] Finalizing segment 619...
[INFO] Finalizing segment 620...
[INFO] Finalizing segment 621...
[INFO] Finalizing segment 622...
[INFO] Finalizing segment 623...
[INFO] Finalizing segment 624...
[INFO] Finalizing segment 625...
[INFO] Finalizing segment 626...
[INFO] Finalizing segment 627...
[INFO] Finalizing segment 628...
[INFO] Finalizing segment 629...
[INFO] Finalizing segment 630...
[INFO] Finalizing segment 631...
[INFO] Finalizing segment 632...
[INFO] Finalizing segment 633...
[INFO] Finalizing segment 634...
[INFO] Finalizing segment 635...
[INFO] Finalizing segment 636...
[INFO] Finalizing segment 637...
[INFO] Finalizing segment 638...
[INFO] Finalizing segment 639...
[INFO] Finalizing segment 640...
[INFO] Finalizing segment 641...
[INFO] Finalizing segment 642...
[INFO] Finalizing segment 643...
[INFO] Finalizing segment 644...
[INFO] Finalizing segment 645...
[INFO] Finalizing segment 646...
[INFO] Finalizing segment 647...
[INFO] Finalizing segment 648...
[INFO] Finalizing segment 649...
[INFO] Finalizing segment 650...
[INFO] Finalizing segment 651...
[INFO] Finalizing segment 652...
[INFO] Finalizing segment 653...
[INFO] Finalizing segment 654...
[INFO] Finalizing segment 655...
[INFO] Finalizing segment 656...
[INFO] Finalizing segment 657...
[INFO] Finalizing segment 658...
[INFO] Finalizing segment 659...
[INFO] Finalizing segment 660...
[INFO] Finalizing segment 661...
[INFO] Finalizing segment 662...
[INFO] Finalizing segment 663...
[INFO] Finalizing segment 664...
[INFO] Finalizing segment 665...
[INFO] Finalizing segment 666...
[INFO] Finalizing segment 667...
[INFO] Finalizing segment 668...
[INFO] Finalizing segment 669...
[INFO] Finalizing segment 670...
[INFO] Finalizing segment 671...
[INFO] Finalizing segment 672...
[INFO] Finalizing segment 673...
[INFO] Finalizing segment 674...
[INFO] Finalizing segment 675...
[INFO] Finalizing segment 676...
[INFO] Finalizing segment 677...
[INFO] Finalizing segment 678...
[INFO] Finalizing segment 679...
[INFO] Finalizing segment 680...
[INFO] Finalizing segment 681...
[INFO] Finalizing segment 682...
[INFO] Finalizing segment 683...
[INFO] Finalizing segment 684...
[INFO] Finalizing segment 685...
[INFO] Finalizing segment 686...
[INFO] Finalizing segment 687...
[INFO] Finalizing segment 688...
[INFO] Finalizing segment 689...
[INFO] Finalizing segment 690...
[INFO] Finalizing segment 691...
[INFO] Finalizing segment 692...
[INFO] Finalizing segment 693...
[INFO] Finalizing segment 694...
[INFO] Finalizing segment 695...
[INFO] Finalizing segment 696...
[INFO] Finalizing segment 697...
[INFO] Finalizing segment 698...
[INFO] Finalizing segment 699...
[INFO] Finalizing segment 700...
[INFO] Finalizing segment 701...
[INFO] Finalizing segment 702...
[INFO] Finalizing segment 703...
[INFO] Finalizing segment 704...
[INFO] Finalizing segment 705...
[INFO] Finalizing segment 706...
[INFO] Finalizing segment 707...
[INFO] Finalizing segment 708...
[INFO] Finalizing segment 709...
[INFO] Finalizing segment 710...
[INFO] Finalizing segment 711...
[INFO] Finalizing segment 712...
[INFO] Finalizing segment 713...
[INFO] Finalizing segment 714...
[INFO] Finalizing segment 715...
[INFO] Finalizing segment 716...
[INFO] Finalizing segment 717...
[INFO] Finalizing segment 718...
[INFO] Finalizing segment 719...
[INFO] Finalizing segment 720...
[INFO] Finalizing segment 721...
[INFO] Finalizing segment 722...
[INFO] Finalizing segment 723...
[INFO] Finalizing segment 724...
[INFO] Finalizing segment 725...
[INFO] Finalizing segment 726...
[INFO] Finalizing segment 727...
[INFO] Finalizing segment 728...
[INFO] Finalizing segment 729...
[INFO] Finalizing segment 730...
[INFO] Finalizing segment 731...
[INFO] Finalizing segment 732...
[INFO] Finalizing segment 733...
[INFO] Finalizing segment 734...
[INFO] Finalizing segment 735...
[INFO] Finalizing segment 736...
[INFO] Finalizing segment 737...
[INFO] Finalizing segment 738...
[INFO] Finalizing segment 739...
[INFO] Finalizing segment 740...
[INFO] Finalizing segment 741...
[INFO] Finalizing segment 742...
[INFO] Finalizing segment 743...
[INFO] Finalizing segment 744...
[INFO] Finalizing segment 745...
[INFO] Finalizing segment 746...
[INFO] Finalizing segment 747...
[INFO] Finalizing segment 748...
[INFO] Finalizing segment 749...
[INFO] Finalizing segment 750...
[INFO] Finalizing segment 751...
[INFO] Finalizing segment 752...
[INFO] Finalizing segment 753...
[INFO] Finalizing segment 754...
[INFO] Finalizing segment 755...
[INFO] Finalizing segment 756...
[INFO] Finalizing segment 757...
[INFO] Finalizing segment 758...
[INFO] Finalizing segment 759...
[INFO] Finalizing segment 760...
[INFO] Finalizing segment 761...
[INFO] Finalizing segment 762...
[INFO] Finalizing segment 763...
[INFO] Finalizing segment 764...
[INFO] Finalizing segment 765...
[INFO] Finalizing segment 766...
[INFO] Finalizing segment 767...
[INFO] Finalizing segment 768...
[INFO] Finalizing segment 769...
[INFO] Finalizing segment 770...
[INFO] Finalizing segment 771...
[INFO] Finalizing segment 772...
[INFO] Finalizing segment 773...
[INFO] Finalizing segment 774...
[INFO] Finalizing segment 775...
[INFO] Finalizing segment 776...
[INFO] Finalizing segment 777...
[INFO] Finalizing segment 778...
[INFO] Finalizing segment 779...
[INFO] Finalizing segment 780...
[INFO] Finalizing segment 781...
[INFO] Finalizing segment 782...
[INFO] Finalizing segment 783...
[INFO] Finalizing segment 784...
[INFO] Finalizing segment 785...
[INFO] Finalizing segment 786...
[INFO] Finalizing segment 787...
[INFO] Finalizing segment 788...
[INFO] Finalizing segment 789...
[INFO] Finalizing segment 790...
[INFO] Finalizing segment 791...
[INFO] Finalizing segment 792...
[INFO] Finalizing segment 793...
[INFO] Finalizing segment 794...
[INFO] Finalizing segment 795...
[INFO] Finalizing segment 796...
[INFO] Finalizing segment 797...
[INFO] Finalizing segment 798...
[INFO] Finalizing segment 799...
[INFO] Process complete.
